<?xml version="1.0" encoding="UTF-8"?>
<!-- Generated by org.testng.reporters.JUnitXMLReporter -->
<testsuite ignored="0" hostname="VIJAY" failures="0" tests="5" name="test" time="49.897" errors="0" timestamp="2023-03-02T16:29:14 IST">
  <testcase classname="testCases.TC_LoginDataDrivenTest" name="test_LoginDDT" time="1.591"/>
  <testcase classname="testCases.TC_LoginDataDrivenTest" name="test_LoginDDT" time="10.627"/>
  <testcase classname="testCases.TC_LoginDataDrivenTest" name="test_LoginDDT" time="10.874"/>
  <testcase classname="testCases.TC_LoginDataDrivenTest" name="test_LoginDDT" time="10.848"/>
  <testcase classname="testCases.TC_LoginDataDrivenTest" name="test_LoginDDT" time="10.892"/>
</testsuite> <!-- test -->
